TN:
SF:/home/equansa00/Desktop/prob-divide-conquer/count-zeroes.js
FN:1,countZeroes
FNF:1
FNH:1
FNDA:4,countZeroes
DA:2,4
DA:3,4
DA:4,18
DA:5,9
DA:8,4
DA:11,1
LF:6
LH:6
BRDA:4,0,0,9
BRDA:4,0,1,9
BRF:2
BRH:2
end_of_record
TN:
SF:/home/equansa00/Desktop/prob-divide-conquer/find-floor.js
FN:1,findFloor
FNF:1
FNH:1
FNDA:3,findFloor
DA:2,3
DA:3,3
DA:4,3
DA:6,3
DA:7,9
DA:8,9
DA:9,0
DA:10,9
DA:11,5
DA:13,4
DA:14,4
DA:18,3
DA:22,1
LF:13
LH:12
BRDA:8,0,0,0
BRDA:8,0,1,9
BRDA:10,1,0,5
BRDA:10,1,1,4
BRF:4
BRH:3
end_of_record
TN:
SF:/home/equansa00/Desktop/prob-divide-conquer/find-rotated-index.js
FN:1,findRotatedIndex
FNF:1
FNH:1
FNDA:5,findRotatedIndex
DA:2,5
DA:3,5
DA:5,5
DA:6,14
DA:8,14
DA:9,3
DA:10,11
DA:11,10
DA:12,1
DA:14,9
DA:17,1
DA:18,1
DA:20,0
DA:25,2
DA:28,1
LF:15
LH:14
BRDA:8,0,0,3
BRDA:8,0,1,11
BRDA:10,1,0,10
BRDA:10,1,1,1
BRDA:11,2,0,1
BRDA:11,2,1,9
BRDA:11,3,0,10
BRDA:11,3,1,7
BRDA:17,4,0,1
BRDA:17,4,1,0
BRDA:17,5,0,1
BRDA:17,5,1,1
BRF:12
BRH:11
end_of_record
TN:
SF:/home/equansa00/Desktop/prob-divide-conquer/find-rotation-count.js
FN:1,findRotationCount
FNF:1
FNH:1
FNDA:3,findRotationCount
DA:2,3
DA:3,3
DA:5,3
DA:6,7
DA:8,7
DA:9,3
DA:11,4
DA:15,3
DA:18,1
LF:9
LH:9
BRDA:8,0,0,3
BRDA:8,0,1,4
BRF:2
BRH:2
end_of_record
TN:
SF:/home/equansa00/Desktop/prob-divide-conquer/sorted-frequency.js
FN:1,sortedFrequency
FN:9,firstOccurrence
FN:27,lastOccurrence
FNF:3
FNH:3
FNDA:4,sortedFrequency
FNDA:4,firstOccurrence
FNDA:3,lastOccurrence
DA:2,4
DA:3,4
DA:5,3
DA:6,3
DA:10,4
DA:11,4
DA:13,4
DA:14,12
DA:15,12
DA:16,6
DA:17,6
DA:18,3
DA:20,3
DA:24,1
DA:28,3
DA:29,3
DA:31,3
DA:32,7
DA:33,7
DA:34,1
DA:35,6
DA:36,3
DA:38,3
DA:42,0
DA:45,1
LF:25
LH:24
BRDA:3,0,0,1
BRDA:3,0,1,3
BRDA:15,1,0,6
BRDA:15,1,1,6
BRDA:17,2,0,3
BRDA:17,2,1,3
BRDA:17,3,0,6
BRDA:17,3,1,5
BRDA:17,3,2,5
BRDA:33,4,0,1
BRDA:33,4,1,6
BRDA:35,5,0,3
BRDA:35,5,1,3
BRDA:35,6,0,6
BRDA:35,6,1,4
BRDA:35,6,2,4
BRF:16
BRH:16
end_of_record
